[rmaerz@rcnl100] bin $ georef_oscar_m2m_v101.sh

0-20000-0-10641: { 7.1.Region: 6, 7.2.Origin: DEU, 7.3.Name: OFFENBACH WETTERPARK, 7.4.Type: 1, 7.6.Ident: 0-20000-0-10641, 7.7.Geolocation: { Latitude: 50.090012, Longitude: 8.786189, Height: 118.50 } },
starte SQL
---------------------------------------------
<?xml version="1.0" encoding="UTF-8"?>
<wmdr:WIGOSMetadataRecord
gml:id="wmr1" xsi:schemaLocation="http://def.wmo.int/wmdr/2016 ../wmdr.xsd" xmlns:xsi="http://www.w3.org/2001/XMLSchema-instance"
xmlns:sams="http://www.opengis.net/samplingSpatial/2.0" xmlns:sam="http://www.opengis.net/sampling/2.0" xmlns:gml="http://www.opengis.net/gml/3.2"
xmlns:om="http://www.opengis.net/om/2.0" xmlns:gco="http://www.isotc211.org/2005/gco"
xmlns:gmd="http://www.isotc211.org/2005/gmd" xmlns:xlink="http://www.w3.org/1999/xlink"
xmlns:wmdr="http://def.wmo.int/wmdr/2016"  >
<gml:description>This is a WIGOS record. It contains several object types and covers the elements required for Phase 1</gml:description>
<gml:identifier codeSpace="http://wigos.wmo.int">http://wigos.wmo.int/a-b-c-d</gml:identifier>
<gml:name>Example metadata record</gml:name>
<!-- this is the observing facility this record belongs to-->
<wmdr:observingFacilityId>http://wigos.wmo.int/0-20000-0-10641</wmdr:observingFacilityId>
   <!-- this is the owner/creator of the record -->
<wmdr:recordOwner xlink:href="http://www.dwd.de"/>
  <!-- this is a definition of an Observing Facility (e.g. a weather station) -->
<wmdr:facilityDefinition>
 <wmdr:ObservingFacility gml:id="observingFacility1">
   <!-- every facility has an identfier, a name and a description (optional)-->
   <!-- 3-06 station/platform unique identifier -->
  <gml:description>Source of weather observations</gml:description>
   <gml:identifier codeSpace="http://wigos.wmo.int">http://wigos.wmo.int/0-20000-0-10641</gml:identifier>
   <!-- 3.03 station/platform name -->
  <gml:name>OFFENBACH-WETTERPARK</gml:name>
  <wmdr:onlineResource>
   <gmd:CI_OnlineResource>
        <gmd:linkage>
         <gmd:URL>ftp://ftp-cdc.dwd.de/pub/CDC/</gmd:URL>
        </gmd:linkage>
   </gmd:CI_OnlineResource>
  </wmdr:onlineResource>
   <!-- 3-07 geospatial location and positioning method -->
  <wmdr:geospatialLocation>
   <wmdr:TimestampedLocation>
        <wmdr:validTimePeriod>
         <gml:TimePeriod gml:id="vtp1">
         <gml:beginPosition>2005-07-15T00:00:00</gml:beginPosition>
         <gml:endPosition>2022-05-12T15:41:46</gml:endPosition>
         </gml:TimePeriod>
        </wmdr:validTimePeriod>
        <wmdr:location>
         <gml:Point gml:id="p1" srsName="http://www.opengis.net/def/crs/EPSG/0/4979">
          <gml:Point>50,08995   8,786165   118,64</gml:Point>
           <gml:Point>'
         </gml:Point>
        </wmdr:location>
   </wmdr:TimestampedLocation>
  </wmdr:geospatialLocation>
</wmdr:ObservingFacility>
</wmdr:facilityDefinition>
</wmdr:WIGOSMetadataRecord>
